Test: Basic leave/join ...
  ... Passed
Test: Historical queries ...
  ... Passed
Test: Move ...
  ... Passed
Test: Concurrent leave/join ...
  ... Passed
Test: Minimal transfers after joins ...
  ... Passed
Test: Minimal transfers after leaves ...
  ... Passed
Test: Multi-group join/leave ...
  ... Passed
Test: Concurrent multi leave/join ...
  ... Passed
Test: Minimal transfers after multijoins ...
  ... Passed
Test: Minimal transfers after multileaves ...
  ... Passed
Test: Check Same config on servers ...
  ... Passed
PASS
ok  	6.824/shardctrler	4.052s
Test: Basic leave/join ...
  ... Passed
Test: Historical queries ...
  ... Passed
Test: Move ...
  ... Passed
Test: Concurrent leave/join ...
  ... Passed
Test: Minimal transfers after joins ...
  ... Passed
Test: Minimal transfers after leaves ...
  ... Passed
Test: Multi-group join/leave ...
  ... Passed
Test: Concurrent multi leave/join ...
  ... Passed
Test: Minimal transfers after multijoins ...
  ... Passed
Test: Minimal transfers after multileaves ...
  ... Passed
Test: Check Same config on servers ...
  ... Passed
PASS
ok  	6.824/shardctrler	3.826s
Test: Basic leave/join ...
  ... Passed
Test: Historical queries ...
  ... Passed
Test: Move ...
  ... Passed
Test: Concurrent leave/join ...
  ... Passed
Test: Minimal transfers after joins ...
  ... Passed
Test: Minimal transfers after leaves ...
  ... Passed
Test: Multi-group join/leave ...
  ... Passed
Test: Concurrent multi leave/join ...
  ... Passed
Test: Minimal transfers after multijoins ...
  ... Passed
Test: Minimal transfers after multileaves ...
  ... Passed
Test: Check Same config on servers ...
  ... Passed
PASS
ok  	6.824/shardctrler	3.926s
Test: Basic leave/join ...
  ... Passed
Test: Historical queries ...
  ... Passed
Test: Move ...
  ... Passed
Test: Concurrent leave/join ...
  ... Passed
Test: Minimal transfers after joins ...
  ... Passed
Test: Minimal transfers after leaves ...
  ... Passed
Test: Multi-group join/leave ...
  ... Passed
Test: Concurrent multi leave/join ...
  ... Passed
Test: Minimal transfers after multijoins ...
  ... Passed
Test: Minimal transfers after multileaves ...
  ... Passed
Test: Check Same config on servers ...
  ... Passed
PASS
ok  	6.824/shardctrler	4.450s
Test: Basic leave/join ...
  ... Passed
Test: Historical queries ...
  ... Passed
Test: Move ...
  ... Passed
Test: Concurrent leave/join ...
  ... Passed
Test: Minimal transfers after joins ...
  ... Passed
Test: Minimal transfers after leaves ...
  ... Passed
Test: Multi-group join/leave ...
  ... Passed
Test: Concurrent multi leave/join ...
  ... Passed
Test: Minimal transfers after multijoins ...
  ... Passed
Test: Minimal transfers after multileaves ...
  ... Passed
Test: Check Same config on servers ...
  ... Passed
PASS
ok  	6.824/shardctrler	4.227s
Test: Basic leave/join ...
  ... Passed
Test: Historical queries ...
  ... Passed
Test: Move ...
  ... Passed
Test: Concurrent leave/join ...
  ... Passed
Test: Minimal transfers after joins ...
  ... Passed
Test: Minimal transfers after leaves ...
  ... Passed
Test: Multi-group join/leave ...
  ... Passed
Test: Concurrent multi leave/join ...
  ... Passed
Test: Minimal transfers after multijoins ...
  ... Passed
Test: Minimal transfers after multileaves ...
  ... Passed
Test: Check Same config on servers ...
  ... Passed
PASS
ok  	6.824/shardctrler	4.277s
Test: Basic leave/join ...
  ... Passed
Test: Historical queries ...
  ... Passed
Test: Move ...
  ... Passed
Test: Concurrent leave/join ...
  ... Passed
Test: Minimal transfers after joins ...
  ... Passed
Test: Minimal transfers after leaves ...
  ... Passed
Test: Multi-group join/leave ...
  ... Passed
Test: Concurrent multi leave/join ...
  ... Passed
Test: Minimal transfers after multijoins ...
  ... Passed
Test: Minimal transfers after multileaves ...
  ... Passed
Test: Check Same config on servers ...
  ... Passed
PASS
ok  	6.824/shardctrler	4.426s
Test: Basic leave/join ...
  ... Passed
Test: Historical queries ...
  ... Passed
Test: Move ...
  ... Passed
Test: Concurrent leave/join ...
  ... Passed
Test: Minimal transfers after joins ...
  ... Passed
Test: Minimal transfers after leaves ...
  ... Passed
Test: Multi-group join/leave ...
  ... Passed
Test: Concurrent multi leave/join ...
  ... Passed
Test: Minimal transfers after multijoins ...
  ... Passed
Test: Minimal transfers after multileaves ...
  ... Passed
Test: Check Same config on servers ...
  ... Passed
PASS
ok  	6.824/shardctrler	4.374s
Test: Basic leave/join ...
  ... Passed
Test: Historical queries ...
  ... Passed
Test: Move ...
  ... Passed
Test: Concurrent leave/join ...
  ... Passed
Test: Minimal transfers after joins ...
  ... Passed
Test: Minimal transfers after leaves ...
  ... Passed
Test: Multi-group join/leave ...
  ... Passed
Test: Concurrent multi leave/join ...
  ... Passed
Test: Minimal transfers after multijoins ...
  ... Passed
Test: Minimal transfers after multileaves ...
  ... Passed
Test: Check Same config on servers ...
  ... Passed
PASS
ok  	6.824/shardctrler	3.801s
Test: Basic leave/join ...
  ... Passed
Test: Historical queries ...
  ... Passed
Test: Move ...
  ... Passed
Test: Concurrent leave/join ...
  ... Passed
Test: Minimal transfers after joins ...
  ... Passed
Test: Minimal transfers after leaves ...
  ... Passed
Test: Multi-group join/leave ...
  ... Passed
Test: Concurrent multi leave/join ...
  ... Passed
Test: Minimal transfers after multijoins ...
  ... Passed
Test: Minimal transfers after multileaves ...
  ... Passed
Test: Check Same config on servers ...
  ... Passed
PASS
ok  	6.824/shardctrler	4.374s
Test: Basic leave/join ...
  ... Passed
Test: Historical queries ...
  ... Passed
Test: Move ...
  ... Passed
Test: Concurrent leave/join ...
  ... Passed
Test: Minimal transfers after joins ...
  ... Passed
Test: Minimal transfers after leaves ...
  ... Passed
Test: Multi-group join/leave ...
  ... Passed
Test: Concurrent multi leave/join ...
  ... Passed
Test: Minimal transfers after multijoins ...
  ... Passed
Test: Minimal transfers after multileaves ...
  ... Passed
Test: Check Same config on servers ...
  ... Passed
PASS
ok  	6.824/shardctrler	4.551s
Test: Basic leave/join ...
  ... Passed
Test: Historical queries ...
  ... Passed
Test: Move ...
  ... Passed
Test: Concurrent leave/join ...
  ... Passed
Test: Minimal transfers after joins ...
  ... Passed
Test: Minimal transfers after leaves ...
  ... Passed
Test: Multi-group join/leave ...
  ... Passed
Test: Concurrent multi leave/join ...
  ... Passed
Test: Minimal transfers after multijoins ...
  ... Passed
Test: Minimal transfers after multileaves ...
  ... Passed
Test: Check Same config on servers ...
  ... Passed
PASS
ok  	6.824/shardctrler	4.127s
Test: Basic leave/join ...
  ... Passed
Test: Historical queries ...
  ... Passed
Test: Move ...
  ... Passed
Test: Concurrent leave/join ...
  ... Passed
Test: Minimal transfers after joins ...
  ... Passed
Test: Minimal transfers after leaves ...
  ... Passed
Test: Multi-group join/leave ...
  ... Passed
Test: Concurrent multi leave/join ...
  ... Passed
Test: Minimal transfers after multijoins ...
  ... Passed
Test: Minimal transfers after multileaves ...
  ... Passed
Test: Check Same config on servers ...
  ... Passed
PASS
ok  	6.824/shardctrler	4.453s
Test: Basic leave/join ...
  ... Passed
Test: Historical queries ...
  ... Passed
Test: Move ...
  ... Passed
Test: Concurrent leave/join ...
  ... Passed
Test: Minimal transfers after joins ...
  ... Passed
Test: Minimal transfers after leaves ...
  ... Passed
Test: Multi-group join/leave ...
  ... Passed
Test: Concurrent multi leave/join ...
  ... Passed
Test: Minimal transfers after multijoins ...
  ... Passed
Test: Minimal transfers after multileaves ...
  ... Passed
Test: Check Same config on servers ...
  ... Passed
PASS
ok  	6.824/shardctrler	4.252s
Test: Basic leave/join ...
  ... Passed
Test: Historical queries ...
  ... Passed
Test: Move ...
  ... Passed
Test: Concurrent leave/join ...
  ... Passed
Test: Minimal transfers after joins ...
  ... Passed
Test: Minimal transfers after leaves ...
  ... Passed
Test: Multi-group join/leave ...
  ... Passed
Test: Concurrent multi leave/join ...
  ... Passed
Test: Minimal transfers after multijoins ...
  ... Passed
Test: Minimal transfers after multileaves ...
  ... Passed
Test: Check Same config on servers ...
  ... Passed
PASS
ok  	6.824/shardctrler	4.099s
Test: Basic leave/join ...
  ... Passed
Test: Historical queries ...
  ... Passed
Test: Move ...
  ... Passed
Test: Concurrent leave/join ...
  ... Passed
Test: Minimal transfers after joins ...
  ... Passed
Test: Minimal transfers after leaves ...
  ... Passed
Test: Multi-group join/leave ...
  ... Passed
Test: Concurrent multi leave/join ...
  ... Passed
Test: Minimal transfers after multijoins ...
  ... Passed
Test: Minimal transfers after multileaves ...
  ... Passed
Test: Check Same config on servers ...
  ... Passed
PASS
ok  	6.824/shardctrler	4.429s
Test: Basic leave/join ...
  ... Passed
Test: Historical queries ...
  ... Passed
Test: Move ...
  ... Passed
Test: Concurrent leave/join ...
  ... Passed
Test: Minimal transfers after joins ...
  ... Passed
Test: Minimal transfers after leaves ...
  ... Passed
Test: Multi-group join/leave ...
  ... Passed
Test: Concurrent multi leave/join ...
  ... Passed
Test: Minimal transfers after multijoins ...
  ... Passed
Test: Minimal transfers after multileaves ...
  ... Passed
Test: Check Same config on servers ...
  ... Passed
PASS
ok  	6.824/shardctrler	4.351s
Test: Basic leave/join ...
  ... Passed
Test: Historical queries ...
  ... Passed
Test: Move ...
  ... Passed
Test: Concurrent leave/join ...
  ... Passed
Test: Minimal transfers after joins ...
  ... Passed
Test: Minimal transfers after leaves ...
  ... Passed
Test: Multi-group join/leave ...
  ... Passed
Test: Concurrent multi leave/join ...
  ... Passed
Test: Minimal transfers after multijoins ...
  ... Passed
Test: Minimal transfers after multileaves ...
  ... Passed
Test: Check Same config on servers ...
  ... Passed
PASS
ok  	6.824/shardctrler	3.851s
Test: Basic leave/join ...
  ... Passed
Test: Historical queries ...
  ... Passed
Test: Move ...
  ... Passed
Test: Concurrent leave/join ...
  ... Passed
Test: Minimal transfers after joins ...
  ... Passed
Test: Minimal transfers after leaves ...
  ... Passed
Test: Multi-group join/leave ...
  ... Passed
Test: Concurrent multi leave/join ...
  ... Passed
Test: Minimal transfers after multijoins ...
  ... Passed
Test: Minimal transfers after multileaves ...
  ... Passed
Test: Check Same config on servers ...
  ... Passed
PASS
ok  	6.824/shardctrler	4.605s
Test: Basic leave/join ...
  ... Passed
Test: Historical queries ...
  ... Passed
Test: Move ...
  ... Passed
Test: Concurrent leave/join ...
  ... Passed
Test: Minimal transfers after joins ...
  ... Passed
Test: Minimal transfers after leaves ...
  ... Passed
Test: Multi-group join/leave ...
  ... Passed
Test: Concurrent multi leave/join ...
  ... Passed
Test: Minimal transfers after multijoins ...
  ... Passed
Test: Minimal transfers after multileaves ...
  ... Passed
Test: Check Same config on servers ...
  ... Passed
PASS
ok  	6.824/shardctrler	4.329s
Test: Basic leave/join ...
  ... Passed
Test: Historical queries ...
  ... Passed
Test: Move ...
  ... Passed
Test: Concurrent leave/join ...
  ... Passed
Test: Minimal transfers after joins ...
  ... Passed
Test: Minimal transfers after leaves ...
  ... Passed
Test: Multi-group join/leave ...
  ... Passed
Test: Concurrent multi leave/join ...
  ... Passed
Test: Minimal transfers after multijoins ...
  ... Passed
Test: Minimal transfers after multileaves ...
  ... Passed
Test: Check Same config on servers ...
  ... Passed
PASS
ok  	6.824/shardctrler	4.028s
Test: Basic leave/join ...
  ... Passed
Test: Historical queries ...
  ... Passed
Test: Move ...
  ... Passed
Test: Concurrent leave/join ...
  ... Passed
Test: Minimal transfers after joins ...
  ... Passed
Test: Minimal transfers after leaves ...
  ... Passed
Test: Multi-group join/leave ...
  ... Passed
Test: Concurrent multi leave/join ...
  ... Passed
Test: Minimal transfers after multijoins ...
  ... Passed
Test: Minimal transfers after multileaves ...
  ... Passed
Test: Check Same config on servers ...
  ... Passed
PASS
ok  	6.824/shardctrler	4.505s
Test: Basic leave/join ...
  ... Passed
Test: Historical queries ...
  ... Passed
Test: Move ...
  ... Passed
Test: Concurrent leave/join ...
  ... Passed
Test: Minimal transfers after joins ...
  ... Passed
Test: Minimal transfers after leaves ...
  ... Passed
Test: Multi-group join/leave ...
  ... Passed
Test: Concurrent multi leave/join ...
  ... Passed
Test: Minimal transfers after multijoins ...
  ... Passed
Test: Minimal transfers after multileaves ...
  ... Passed
Test: Check Same config on servers ...
  ... Passed
PASS
ok  	6.824/shardctrler	4.628s
Test: Basic leave/join ...
  ... Passed
Test: Historical queries ...
  ... Passed
Test: Move ...
  ... Passed
Test: Concurrent leave/join ...
  ... Passed
Test: Minimal transfers after joins ...
  ... Passed
Test: Minimal transfers after leaves ...
  ... Passed
Test: Multi-group join/leave ...
  ... Passed
Test: Concurrent multi leave/join ...
  ... Passed
Test: Minimal transfers after multijoins ...
  ... Passed
Test: Minimal transfers after multileaves ...
  ... Passed
Test: Check Same config on servers ...
  ... Passed
PASS
ok  	6.824/shardctrler	4.224s
Test: Basic leave/join ...
  ... Passed
Test: Historical queries ...
  ... Passed
Test: Move ...
  ... Passed
Test: Concurrent leave/join ...
  ... Passed
Test: Minimal transfers after joins ...
  ... Passed
Test: Minimal transfers after leaves ...
  ... Passed
Test: Multi-group join/leave ...
  ... Passed
Test: Concurrent multi leave/join ...
  ... Passed
Test: Minimal transfers after multijoins ...
  ... Passed
Test: Minimal transfers after multileaves ...
  ... Passed
Test: Check Same config on servers ...
  ... Passed
PASS
ok  	6.824/shardctrler	4.353s
Test: Basic leave/join ...
  ... Passed
Test: Historical queries ...
  ... Passed
Test: Move ...
  ... Passed
Test: Concurrent leave/join ...
  ... Passed
Test: Minimal transfers after joins ...
  ... Passed
Test: Minimal transfers after leaves ...
  ... Passed
Test: Multi-group join/leave ...
  ... Passed
Test: Concurrent multi leave/join ...
  ... Passed
Test: Minimal transfers after multijoins ...
  ... Passed
Test: Minimal transfers after multileaves ...
  ... Passed
Test: Check Same config on servers ...
  ... Passed
PASS
ok  	6.824/shardctrler	4.329s
Test: Basic leave/join ...
  ... Passed
Test: Historical queries ...
  ... Passed
Test: Move ...
  ... Passed
Test: Concurrent leave/join ...
  ... Passed
Test: Minimal transfers after joins ...
  ... Passed
Test: Minimal transfers after leaves ...
  ... Passed
Test: Multi-group join/leave ...
  ... Passed
Test: Concurrent multi leave/join ...
  ... Passed
Test: Minimal transfers after multijoins ...
  ... Passed
Test: Minimal transfers after multileaves ...
  ... Passed
Test: Check Same config on servers ...
  ... Passed
PASS
ok  	6.824/shardctrler	4.079s
Test: Basic leave/join ...
  ... Passed
Test: Historical queries ...
  ... Passed
Test: Move ...
  ... Passed
Test: Concurrent leave/join ...
  ... Passed
Test: Minimal transfers after joins ...
  ... Passed
Test: Minimal transfers after leaves ...
  ... Passed
Test: Multi-group join/leave ...
  ... Passed
Test: Concurrent multi leave/join ...
  ... Passed
Test: Minimal transfers after multijoins ...
  ... Passed
Test: Minimal transfers after multileaves ...
  ... Passed
Test: Check Same config on servers ...
  ... Passed
PASS
ok  	6.824/shardctrler	4.200s
Test: Basic leave/join ...
  ... Passed
Test: Historical queries ...
  ... Passed
Test: Move ...
  ... Passed
Test: Concurrent leave/join ...
  ... Passed
Test: Minimal transfers after joins ...
  ... Passed
Test: Minimal transfers after leaves ...
  ... Passed
Test: Multi-group join/leave ...
  ... Passed
Test: Concurrent multi leave/join ...
  ... Passed
Test: Minimal transfers after multijoins ...
  ... Passed
Test: Minimal transfers after multileaves ...
  ... Passed
Test: Check Same config on servers ...
  ... Passed
PASS
ok  	6.824/shardctrler	4.278s
Test: Basic leave/join ...
  ... Passed
Test: Historical queries ...
  ... Passed
Test: Move ...
  ... Passed
Test: Concurrent leave/join ...
  ... Passed
Test: Minimal transfers after joins ...
  ... Passed
Test: Minimal transfers after leaves ...
  ... Passed
Test: Multi-group join/leave ...
  ... Passed
Test: Concurrent multi leave/join ...
  ... Passed
Test: Minimal transfers after multijoins ...
  ... Passed
Test: Minimal transfers after multileaves ...
  ... Passed
Test: Check Same config on servers ...
  ... Passed
PASS
ok  	6.824/shardctrler	3.827s
Test: Basic leave/join ...
  ... Passed
Test: Historical queries ...
  ... Passed
Test: Move ...
  ... Passed
Test: Concurrent leave/join ...
  ... Passed
Test: Minimal transfers after joins ...
  ... Passed
Test: Minimal transfers after leaves ...
  ... Passed
Test: Multi-group join/leave ...
  ... Passed
Test: Concurrent multi leave/join ...
  ... Passed
Test: Minimal transfers after multijoins ...
  ... Passed
Test: Minimal transfers after multileaves ...
  ... Passed
Test: Check Same config on servers ...
  ... Passed
PASS
ok  	6.824/shardctrler	4.328s
Test: Basic leave/join ...
  ... Passed
Test: Historical queries ...
  ... Passed
Test: Move ...
  ... Passed
Test: Concurrent leave/join ...
  ... Passed
Test: Minimal transfers after joins ...
  ... Passed
Test: Minimal transfers after leaves ...
  ... Passed
Test: Multi-group join/leave ...
  ... Passed
Test: Concurrent multi leave/join ...
  ... Passed
Test: Minimal transfers after multijoins ...
  ... Passed
Test: Minimal transfers after multileaves ...
  ... Passed
Test: Check Same config on servers ...
  ... Passed
PASS
ok  	6.824/shardctrler	3.928s
Test: Basic leave/join ...
  ... Passed
Test: Historical queries ...
  ... Passed
Test: Move ...
  ... Passed
Test: Concurrent leave/join ...
  ... Passed
Test: Minimal transfers after joins ...
  ... Passed
Test: Minimal transfers after leaves ...
  ... Passed
Test: Multi-group join/leave ...
  ... Passed
Test: Concurrent multi leave/join ...
  ... Passed
Test: Minimal transfers after multijoins ...
  ... Passed
Test: Minimal transfers after multileaves ...
  ... Passed
Test: Check Same config on servers ...
  ... Passed
PASS
ok  	6.824/shardctrler	3.826s
Test: Basic leave/join ...
  ... Passed
Test: Historical queries ...
  ... Passed
Test: Move ...
  ... Passed
Test: Concurrent leave/join ...
  ... Passed
Test: Minimal transfers after joins ...
  ... Passed
Test: Minimal transfers after leaves ...
  ... Passed
Test: Multi-group join/leave ...
  ... Passed
Test: Concurrent multi leave/join ...
  ... Passed
Test: Minimal transfers after multijoins ...
  ... Passed
Test: Minimal transfers after multileaves ...
  ... Passed
Test: Check Same config on servers ...
  ... Passed
PASS
ok  	6.824/shardctrler	4.229s
Test: Basic leave/join ...
  ... Passed
Test: Historical queries ...
  ... Passed
Test: Move ...
  ... Passed
Test: Concurrent leave/join ...
  ... Passed
Test: Minimal transfers after joins ...
  ... Passed
Test: Minimal transfers after leaves ...
  ... Passed
Test: Multi-group join/leave ...
  ... Passed
Test: Concurrent multi leave/join ...
  ... Passed
Test: Minimal transfers after multijoins ...
  ... Passed
Test: Minimal transfers after multileaves ...
  ... Passed
Test: Check Same config on servers ...
  ... Passed
PASS
ok  	6.824/shardctrler	3.926s
Test: Basic leave/join ...
  ... Passed
Test: Historical queries ...
  ... Passed
Test: Move ...
  ... Passed
Test: Concurrent leave/join ...
  ... Passed
Test: Minimal transfers after joins ...
  ... Passed
Test: Minimal transfers after leaves ...
  ... Passed
Test: Multi-group join/leave ...
  ... Passed
Test: Concurrent multi leave/join ...
  ... Passed
Test: Minimal transfers after multijoins ...
  ... Passed
Test: Minimal transfers after multileaves ...
  ... Passed
Test: Check Same config on servers ...
  ... Passed
PASS
ok  	6.824/shardctrler	4.352s
Test: Basic leave/join ...
  ... Passed
Test: Historical queries ...
  ... Passed
Test: Move ...
  ... Passed
Test: Concurrent leave/join ...
  ... Passed
Test: Minimal transfers after joins ...
  ... Passed
Test: Minimal transfers after leaves ...
  ... Passed
Test: Multi-group join/leave ...
  ... Passed
Test: Concurrent multi leave/join ...
  ... Passed
Test: Minimal transfers after multijoins ...
  ... Passed
Test: Minimal transfers after multileaves ...
  ... Passed
Test: Check Same config on servers ...
  ... Passed
PASS
ok  	6.824/shardctrler	4.300s
Test: Basic leave/join ...
  ... Passed
Test: Historical queries ...
  ... Passed
Test: Move ...
  ... Passed
Test: Concurrent leave/join ...
  ... Passed
Test: Minimal transfers after joins ...
  ... Passed
Test: Minimal transfers after leaves ...
  ... Passed
Test: Multi-group join/leave ...
  ... Passed
Test: Concurrent multi leave/join ...
  ... Passed
Test: Minimal transfers after multijoins ...
  ... Passed
Test: Minimal transfers after multileaves ...
  ... Passed
Test: Check Same config on servers ...
  ... Passed
PASS
ok  	6.824/shardctrler	5.056s
Test: Basic leave/join ...
  ... Passed
Test: Historical queries ...
  ... Passed
Test: Move ...
  ... Passed
Test: Concurrent leave/join ...
  ... Passed
Test: Minimal transfers after joins ...
  ... Passed
Test: Minimal transfers after leaves ...
  ... Passed
Test: Multi-group join/leave ...
  ... Passed
Test: Concurrent multi leave/join ...
  ... Passed
Test: Minimal transfers after multijoins ...
  ... Passed
Test: Minimal transfers after multileaves ...
  ... Passed
Test: Check Same config on servers ...
  ... Passed
PASS
ok  	6.824/shardctrler	4.202s
Test: Basic leave/join ...
  ... Passed
Test: Historical queries ...
  ... Passed
Test: Move ...
  ... Passed
Test: Concurrent leave/join ...
  ... Passed
Test: Minimal transfers after joins ...
  ... Passed
Test: Minimal transfers after leaves ...
  ... Passed
Test: Multi-group join/leave ...
  ... Passed
Test: Concurrent multi leave/join ...
  ... Passed
Test: Minimal transfers after multijoins ...
  ... Passed
Test: Minimal transfers after multileaves ...
  ... Passed
Test: Check Same config on servers ...
  ... Passed
PASS
ok  	6.824/shardctrler	4.224s
Test: Basic leave/join ...
  ... Passed
Test: Historical queries ...
  ... Passed
Test: Move ...
  ... Passed
Test: Concurrent leave/join ...
  ... Passed
Test: Minimal transfers after joins ...
  ... Passed
Test: Minimal transfers after leaves ...
  ... Passed
Test: Multi-group join/leave ...
  ... Passed
Test: Concurrent multi leave/join ...
  ... Passed
Test: Minimal transfers after multijoins ...
  ... Passed
Test: Minimal transfers after multileaves ...
  ... Passed
Test: Check Same config on servers ...
  ... Passed
PASS
ok  	6.824/shardctrler	3.751s
Test: Basic leave/join ...
  ... Passed
Test: Historical queries ...
  ... Passed
Test: Move ...
  ... Passed
Test: Concurrent leave/join ...
  ... Passed
Test: Minimal transfers after joins ...
  ... Passed
Test: Minimal transfers after leaves ...
  ... Passed
Test: Multi-group join/leave ...
  ... Passed
Test: Concurrent multi leave/join ...
  ... Passed
Test: Minimal transfers after multijoins ...
  ... Passed
Test: Minimal transfers after multileaves ...
  ... Passed
Test: Check Same config on servers ...
  ... Passed
PASS
ok  	6.824/shardctrler	4.126s
Test: Basic leave/join ...
  ... Passed
Test: Historical queries ...
  ... Passed
Test: Move ...
  ... Passed
Test: Concurrent leave/join ...
  ... Passed
Test: Minimal transfers after joins ...
  ... Passed
Test: Minimal transfers after leaves ...
  ... Passed
Test: Multi-group join/leave ...
  ... Passed
Test: Concurrent multi leave/join ...
  ... Passed
Test: Minimal transfers after multijoins ...
  ... Passed
Test: Minimal transfers after multileaves ...
  ... Passed
Test: Check Same config on servers ...
  ... Passed
PASS
ok  	6.824/shardctrler	4.303s
Test: Basic leave/join ...
  ... Passed
Test: Historical queries ...
  ... Passed
Test: Move ...
  ... Passed
Test: Concurrent leave/join ...
  ... Passed
Test: Minimal transfers after joins ...
  ... Passed
Test: Minimal transfers after leaves ...
  ... Passed
Test: Multi-group join/leave ...
  ... Passed
Test: Concurrent multi leave/join ...
  ... Passed
Test: Minimal transfers after multijoins ...
  ... Passed
Test: Minimal transfers after multileaves ...
  ... Passed
Test: Check Same config on servers ...
  ... Passed
PASS
ok  	6.824/shardctrler	4.778s
Test: Basic leave/join ...
  ... Passed
Test: Historical queries ...
  ... Passed
Test: Move ...
  ... Passed
Test: Concurrent leave/join ...
  ... Passed
Test: Minimal transfers after joins ...
  ... Passed
Test: Minimal transfers after leaves ...
  ... Passed
Test: Multi-group join/leave ...
  ... Passed
Test: Concurrent multi leave/join ...
  ... Passed
Test: Minimal transfers after multijoins ...
  ... Passed
Test: Minimal transfers after multileaves ...
  ... Passed
Test: Check Same config on servers ...
  ... Passed
PASS
ok  	6.824/shardctrler	4.278s
Test: Basic leave/join ...
  ... Passed
Test: Historical queries ...
  ... Passed
Test: Move ...
  ... Passed
Test: Concurrent leave/join ...
  ... Passed
Test: Minimal transfers after joins ...
  ... Passed
Test: Minimal transfers after leaves ...
  ... Passed
Test: Multi-group join/leave ...
  ... Passed
Test: Concurrent multi leave/join ...
  ... Passed
Test: Minimal transfers after multijoins ...
  ... Passed
Test: Minimal transfers after multileaves ...
  ... Passed
Test: Check Same config on servers ...
  ... Passed
PASS
ok  	6.824/shardctrler	5.005s
Test: Basic leave/join ...
  ... Passed
Test: Historical queries ...
  ... Passed
Test: Move ...
  ... Passed
Test: Concurrent leave/join ...
  ... Passed
Test: Minimal transfers after joins ...
  ... Passed
Test: Minimal transfers after leaves ...
  ... Passed
Test: Multi-group join/leave ...
  ... Passed
Test: Concurrent multi leave/join ...
  ... Passed
Test: Minimal transfers after multijoins ...
  ... Passed
Test: Minimal transfers after multileaves ...
  ... Passed
Test: Check Same config on servers ...
  ... Passed
PASS
ok  	6.824/shardctrler	4.052s
Test: Basic leave/join ...
  ... Passed
Test: Historical queries ...
  ... Passed
Test: Move ...
  ... Passed
Test: Concurrent leave/join ...
  ... Passed
Test: Minimal transfers after joins ...
  ... Passed
Test: Minimal transfers after leaves ...
  ... Passed
Test: Multi-group join/leave ...
  ... Passed
Test: Concurrent multi leave/join ...
  ... Passed
Test: Minimal transfers after multijoins ...
  ... Passed
Test: Minimal transfers after multileaves ...
  ... Passed
Test: Check Same config on servers ...
  ... Passed
PASS
ok  	6.824/shardctrler	4.702s
Test: Basic leave/join ...
  ... Passed
Test: Historical queries ...
  ... Passed
Test: Move ...
  ... Passed
Test: Concurrent leave/join ...
  ... Passed
Test: Minimal transfers after joins ...
  ... Passed
Test: Minimal transfers after leaves ...
  ... Passed
Test: Multi-group join/leave ...
  ... Passed
Test: Concurrent multi leave/join ...
  ... Passed
Test: Minimal transfers after multijoins ...
  ... Passed
Test: Minimal transfers after multileaves ...
  ... Passed
Test: Check Same config on servers ...
  ... Passed
PASS
ok  	6.824/shardctrler	4.501s
Test: Basic leave/join ...
  ... Passed
Test: Historical queries ...
  ... Passed
Test: Move ...
  ... Passed
Test: Concurrent leave/join ...
  ... Passed
Test: Minimal transfers after joins ...
  ... Passed
Test: Minimal transfers after leaves ...
  ... Passed
Test: Multi-group join/leave ...
  ... Passed
Test: Concurrent multi leave/join ...
  ... Passed
Test: Minimal transfers after multijoins ...
  ... Passed
Test: Minimal transfers after multileaves ...
  ... Passed
Test: Check Same config on servers ...
  ... Passed
PASS
ok  	6.824/shardctrler	4.128s
Test: Basic leave/join ...
  ... Passed
Test: Historical queries ...
  ... Passed
Test: Move ...
  ... Passed
Test: Concurrent leave/join ...
  ... Passed
Test: Minimal transfers after joins ...
  ... Passed
Test: Minimal transfers after leaves ...
  ... Passed
Test: Multi-group join/leave ...
  ... Passed
Test: Concurrent multi leave/join ...
  ... Passed
Test: Minimal transfers after multijoins ...
  ... Passed
Test: Minimal transfers after multileaves ...
  ... Passed
Test: Check Same config on servers ...
  ... Passed
PASS
ok  	6.824/shardctrler	4.324s
Test: Basic leave/join ...
  ... Passed
Test: Historical queries ...
  ... Passed
Test: Move ...
  ... Passed
Test: Concurrent leave/join ...
  ... Passed
Test: Minimal transfers after joins ...
  ... Passed
Test: Minimal transfers after leaves ...
  ... Passed
Test: Multi-group join/leave ...
  ... Passed
Test: Concurrent multi leave/join ...
  ... Passed
Test: Minimal transfers after multijoins ...
  ... Passed
Test: Minimal transfers after multileaves ...
  ... Passed
Test: Check Same config on servers ...
  ... Passed
PASS
ok  	6.824/shardctrler	3.802s
Test: Basic leave/join ...
  ... Passed
Test: Historical queries ...
  ... Passed
Test: Move ...
  ... Passed
Test: Concurrent leave/join ...
  ... Passed
Test: Minimal transfers after joins ...
  ... Passed
Test: Minimal transfers after leaves ...
  ... Passed
Test: Multi-group join/leave ...
  ... Passed
Test: Concurrent multi leave/join ...
  ... Passed
Test: Minimal transfers after multijoins ...
  ... Passed
Test: Minimal transfers after multileaves ...
  ... Passed
Test: Check Same config on servers ...
  ... Passed
PASS
ok  	6.824/shardctrler	5.481s
Test: Basic leave/join ...
  ... Passed
Test: Historical queries ...
  ... Passed
Test: Move ...
  ... Passed
Test: Concurrent leave/join ...
  ... Passed
Test: Minimal transfers after joins ...
  ... Passed
Test: Minimal transfers after leaves ...
  ... Passed
Test: Multi-group join/leave ...
  ... Passed
Test: Concurrent multi leave/join ...
  ... Passed
Test: Minimal transfers after multijoins ...
  ... Passed
Test: Minimal transfers after multileaves ...
  ... Passed
Test: Check Same config on servers ...
  ... Passed
PASS
ok  	6.824/shardctrler	3.952s
Test: Basic leave/join ...
  ... Passed
Test: Historical queries ...
  ... Passed
Test: Move ...
  ... Passed
Test: Concurrent leave/join ...
  ... Passed
Test: Minimal transfers after joins ...
  ... Passed
Test: Minimal transfers after leaves ...
  ... Passed
Test: Multi-group join/leave ...
  ... Passed
Test: Concurrent multi leave/join ...
  ... Passed
Test: Minimal transfers after multijoins ...
  ... Passed
Test: Minimal transfers after multileaves ...
  ... Passed
Test: Check Same config on servers ...
  ... Passed
PASS
ok  	6.824/shardctrler	4.128s
Test: Basic leave/join ...
  ... Passed
Test: Historical queries ...
  ... Passed
Test: Move ...
  ... Passed
Test: Concurrent leave/join ...
  ... Passed
Test: Minimal transfers after joins ...
  ... Passed
Test: Minimal transfers after leaves ...
  ... Passed
Test: Multi-group join/leave ...
  ... Passed
Test: Concurrent multi leave/join ...
  ... Passed
Test: Minimal transfers after multijoins ...
  ... Passed
Test: Minimal transfers after multileaves ...
  ... Passed
Test: Check Same config on servers ...
  ... Passed
PASS
ok  	6.824/shardctrler	4.149s
Test: Basic leave/join ...
  ... Passed
Test: Historical queries ...
  ... Passed
Test: Move ...
  ... Passed
Test: Concurrent leave/join ...
  ... Passed
Test: Minimal transfers after joins ...
  ... Passed
Test: Minimal transfers after leaves ...
  ... Passed
Test: Multi-group join/leave ...
  ... Passed
Test: Concurrent multi leave/join ...
  ... Passed
Test: Minimal transfers after multijoins ...
  ... Passed
Test: Minimal transfers after multileaves ...
  ... Passed
Test: Check Same config on servers ...
  ... Passed
PASS
ok  	6.824/shardctrler	3.827s
Test: Basic leave/join ...
  ... Passed
Test: Historical queries ...
  ... Passed
Test: Move ...
  ... Passed
Test: Concurrent leave/join ...
  ... Passed
Test: Minimal transfers after joins ...
  ... Passed
Test: Minimal transfers after leaves ...
  ... Passed
Test: Multi-group join/leave ...
  ... Passed
Test: Concurrent multi leave/join ...
  ... Passed
Test: Minimal transfers after multijoins ...
  ... Passed
Test: Minimal transfers after multileaves ...
  ... Passed
Test: Check Same config on servers ...
  ... Passed
PASS
ok  	6.824/shardctrler	3.977s
Test: Basic leave/join ...
  ... Passed
Test: Historical queries ...
  ... Passed
Test: Move ...
  ... Passed
Test: Concurrent leave/join ...
  ... Passed
Test: Minimal transfers after joins ...
  ... Passed
Test: Minimal transfers after leaves ...
  ... Passed
Test: Multi-group join/leave ...
  ... Passed
Test: Concurrent multi leave/join ...
  ... Passed
Test: Minimal transfers after multijoins ...
  ... Passed
Test: Minimal transfers after multileaves ...
  ... Passed
Test: Check Same config on servers ...
  ... Passed
PASS
ok  	6.824/shardctrler	4.752s
Test: Basic leave/join ...
  ... Passed
Test: Historical queries ...
  ... Passed
Test: Move ...
  ... Passed
Test: Concurrent leave/join ...
  ... Passed
Test: Minimal transfers after joins ...
  ... Passed
Test: Minimal transfers after leaves ...
  ... Passed
Test: Multi-group join/leave ...
  ... Passed
Test: Concurrent multi leave/join ...
  ... Passed
Test: Minimal transfers after multijoins ...
  ... Passed
Test: Minimal transfers after multileaves ...
  ... Passed
Test: Check Same config on servers ...
  ... Passed
PASS
ok  	6.824/shardctrler	4.203s
Test: Basic leave/join ...
  ... Passed
Test: Historical queries ...
  ... Passed
Test: Move ...
  ... Passed
Test: Concurrent leave/join ...
  ... Passed
Test: Minimal transfers after joins ...
  ... Passed
Test: Minimal transfers after leaves ...
  ... Passed
Test: Multi-group join/leave ...
  ... Passed
Test: Concurrent multi leave/join ...
  ... Passed
Test: Minimal transfers after multijoins ...
  ... Passed
Test: Minimal transfers after multileaves ...
  ... Passed
Test: Check Same config on servers ...
  ... Passed
PASS
ok  	6.824/shardctrler	4.329s
Test: Basic leave/join ...
  ... Passed
Test: Historical queries ...
  ... Passed
Test: Move ...
  ... Passed
Test: Concurrent leave/join ...
  ... Passed
Test: Minimal transfers after joins ...
  ... Passed
Test: Minimal transfers after leaves ...
  ... Passed
Test: Multi-group join/leave ...
  ... Passed
Test: Concurrent multi leave/join ...
  ... Passed
Test: Minimal transfers after multijoins ...
  ... Passed
Test: Minimal transfers after multileaves ...
  ... Passed
Test: Check Same config on servers ...
  ... Passed
PASS
ok  	6.824/shardctrler	4.178s
Test: Basic leave/join ...
  ... Passed
Test: Historical queries ...
  ... Passed
Test: Move ...
  ... Passed
Test: Concurrent leave/join ...
  ... Passed
Test: Minimal transfers after joins ...
  ... Passed
Test: Minimal transfers after leaves ...
  ... Passed
Test: Multi-group join/leave ...
  ... Passed
Test: Concurrent multi leave/join ...
  ... Passed
Test: Minimal transfers after multijoins ...
  ... Passed
Test: Minimal transfers after multileaves ...
  ... Passed
Test: Check Same config on servers ...
  ... Passed
PASS
ok  	6.824/shardctrler	4.225s
Test: Basic leave/join ...
  ... Passed
Test: Historical queries ...
  ... Passed
Test: Move ...
  ... Passed
Test: Concurrent leave/join ...
  ... Passed
Test: Minimal transfers after joins ...
  ... Passed
Test: Minimal transfers after leaves ...
  ... Passed
Test: Multi-group join/leave ...
  ... Passed
Test: Concurrent multi leave/join ...
  ... Passed
Test: Minimal transfers after multijoins ...
  ... Passed
Test: Minimal transfers after multileaves ...
  ... Passed
Test: Check Same config on servers ...
  ... Passed
PASS
ok  	6.824/shardctrler	4.052s
Test: Basic leave/join ...
  ... Passed
Test: Historical queries ...
  ... Passed
Test: Move ...
  ... Passed
Test: Concurrent leave/join ...
  ... Passed
Test: Minimal transfers after joins ...
  ... Passed
Test: Minimal transfers after leaves ...
  ... Passed
Test: Multi-group join/leave ...
  ... Passed
Test: Concurrent multi leave/join ...
  ... Passed
Test: Minimal transfers after multijoins ...
  ... Passed
Test: Minimal transfers after multileaves ...
  ... Passed
Test: Check Same config on servers ...
  ... Passed
PASS
ok  	6.824/shardctrler	4.777s
Test: Basic leave/join ...
  ... Passed
Test: Historical queries ...
  ... Passed
Test: Move ...
  ... Passed
Test: Concurrent leave/join ...
  ... Passed
Test: Minimal transfers after joins ...
  ... Passed
Test: Minimal transfers after leaves ...
  ... Passed
Test: Multi-group join/leave ...
  ... Passed
Test: Concurrent multi leave/join ...
  ... Passed
Test: Minimal transfers after multijoins ...
  ... Passed
Test: Minimal transfers after multileaves ...
  ... Passed
Test: Check Same config on servers ...
  ... Passed
PASS
ok  	6.824/shardctrler	4.328s
Test: Basic leave/join ...
  ... Passed
Test: Historical queries ...
  ... Passed
Test: Move ...
  ... Passed
Test: Concurrent leave/join ...
  ... Passed
Test: Minimal transfers after joins ...
  ... Passed
Test: Minimal transfers after leaves ...
  ... Passed
Test: Multi-group join/leave ...
  ... Passed
Test: Concurrent multi leave/join ...
  ... Passed
Test: Minimal transfers after multijoins ...
  ... Passed
Test: Minimal transfers after multileaves ...
  ... Passed
Test: Check Same config on servers ...
  ... Passed
PASS
ok  	6.824/shardctrler	3.751s
Test: Basic leave/join ...
  ... Passed
Test: Historical queries ...
  ... Passed
Test: Move ...
  ... Passed
Test: Concurrent leave/join ...
  ... Passed
Test: Minimal transfers after joins ...
  ... Passed
Test: Minimal transfers after leaves ...
  ... Passed
Test: Multi-group join/leave ...
  ... Passed
Test: Concurrent multi leave/join ...
  ... Passed
Test: Minimal transfers after multijoins ...
  ... Passed
Test: Minimal transfers after multileaves ...
  ... Passed
Test: Check Same config on servers ...
  ... Passed
PASS
ok  	6.824/shardctrler	4.429s
Test: Basic leave/join ...
  ... Passed
Test: Historical queries ...
  ... Passed
Test: Move ...
  ... Passed
Test: Concurrent leave/join ...
  ... Passed
Test: Minimal transfers after joins ...
  ... Passed
Test: Minimal transfers after leaves ...
  ... Passed
Test: Multi-group join/leave ...
  ... Passed
Test: Concurrent multi leave/join ...
  ... Passed
Test: Minimal transfers after multijoins ...
  ... Passed
Test: Minimal transfers after multileaves ...
  ... Passed
Test: Check Same config on servers ...
  ... Passed
PASS
ok  	6.824/shardctrler	4.199s
Test: Basic leave/join ...
  ... Passed
Test: Historical queries ...
  ... Passed
Test: Move ...
  ... Passed
Test: Concurrent leave/join ...
  ... Passed
Test: Minimal transfers after joins ...
  ... Passed
Test: Minimal transfers after leaves ...
  ... Passed
Test: Multi-group join/leave ...
  ... Passed
Test: Concurrent multi leave/join ...
  ... Passed
Test: Minimal transfers after multijoins ...
  ... Passed
Test: Minimal transfers after multileaves ...
  ... Passed
Test: Check Same config on servers ...
  ... Passed
PASS
ok  	6.824/shardctrler	4.127s
Test: Basic leave/join ...
  ... Passed
Test: Historical queries ...
  ... Passed
Test: Move ...
  ... Passed
Test: Concurrent leave/join ...
  ... Passed
Test: Minimal transfers after joins ...
  ... Passed
Test: Minimal transfers after leaves ...
  ... Passed
Test: Multi-group join/leave ...
  ... Passed
Test: Concurrent multi leave/join ...
  ... Passed
Test: Minimal transfers after multijoins ...
  ... Passed
Test: Minimal transfers after multileaves ...
  ... Passed
Test: Check Same config on servers ...
  ... Passed
PASS
ok  	6.824/shardctrler	4.629s
Test: Basic leave/join ...
  ... Passed
Test: Historical queries ...
  ... Passed
Test: Move ...
  ... Passed
Test: Concurrent leave/join ...
  ... Passed
Test: Minimal transfers after joins ...
  ... Passed
Test: Minimal transfers after leaves ...
  ... Passed
Test: Multi-group join/leave ...
  ... Passed
Test: Concurrent multi leave/join ...
  ... Passed
Test: Minimal transfers after multijoins ...
  ... Passed
Test: Minimal transfers after multileaves ...
  ... Passed
Test: Check Same config on servers ...
  ... Passed
PASS
ok  	6.824/shardctrler	4.701s
Test: Basic leave/join ...
  ... Passed
Test: Historical queries ...
  ... Passed
Test: Move ...
  ... Passed
Test: Concurrent leave/join ...
  ... Passed
Test: Minimal transfers after joins ...
  ... Passed
Test: Minimal transfers after leaves ...
  ... Passed
Test: Multi-group join/leave ...
  ... Passed
Test: Concurrent multi leave/join ...
  ... Passed
Test: Minimal transfers after multijoins ...
  ... Passed
Test: Minimal transfers after multileaves ...
  ... Passed
Test: Check Same config on servers ...
  ... Passed
PASS
ok  	6.824/shardctrler	4.001s
Test: Basic leave/join ...
  ... Passed
Test: Historical queries ...
  ... Passed
Test: Move ...
  ... Passed
Test: Concurrent leave/join ...
  ... Passed
Test: Minimal transfers after joins ...
  ... Passed
Test: Minimal transfers after leaves ...
  ... Passed
Test: Multi-group join/leave ...
  ... Passed
Test: Concurrent multi leave/join ...
  ... Passed
Test: Minimal transfers after multijoins ...
  ... Passed
Test: Minimal transfers after multileaves ...
  ... Passed
Test: Check Same config on servers ...
  ... Passed
PASS
ok  	6.824/shardctrler	3.927s
Test: Basic leave/join ...
  ... Passed
Test: Historical queries ...
  ... Passed
Test: Move ...
  ... Passed
Test: Concurrent leave/join ...
  ... Passed
Test: Minimal transfers after joins ...
  ... Passed
Test: Minimal transfers after leaves ...
  ... Passed
Test: Multi-group join/leave ...
  ... Passed
Test: Concurrent multi leave/join ...
  ... Passed
Test: Minimal transfers after multijoins ...
  ... Passed
Test: Minimal transfers after multileaves ...
  ... Passed
Test: Check Same config on servers ...
  ... Passed
PASS
ok  	6.824/shardctrler	4.177s
Test: Basic leave/join ...
  ... Passed
Test: Historical queries ...
  ... Passed
Test: Move ...
  ... Passed
Test: Concurrent leave/join ...
  ... Passed
Test: Minimal transfers after joins ...
  ... Passed
Test: Minimal transfers after leaves ...
  ... Passed
Test: Multi-group join/leave ...
  ... Passed
Test: Concurrent multi leave/join ...
  ... Passed
Test: Minimal transfers after multijoins ...
  ... Passed
Test: Minimal transfers after multileaves ...
  ... Passed
Test: Check Same config on servers ...
  ... Passed
PASS
ok  	6.824/shardctrler	4.654s
Test: Basic leave/join ...
  ... Passed
Test: Historical queries ...
  ... Passed
Test: Move ...
  ... Passed
Test: Concurrent leave/join ...
  ... Passed
Test: Minimal transfers after joins ...
  ... Passed
Test: Minimal transfers after leaves ...
  ... Passed
Test: Multi-group join/leave ...
  ... Passed
Test: Concurrent multi leave/join ...
  ... Passed
Test: Minimal transfers after multijoins ...
  ... Passed
Test: Minimal transfers after multileaves ...
  ... Passed
Test: Check Same config on servers ...
  ... Passed
PASS
ok  	6.824/shardctrler	4.278s
Test: Basic leave/join ...
  ... Passed
Test: Historical queries ...
  ... Passed
Test: Move ...
  ... Passed
Test: Concurrent leave/join ...
  ... Passed
Test: Minimal transfers after joins ...
  ... Passed
Test: Minimal transfers after leaves ...
  ... Passed
Test: Multi-group join/leave ...
  ... Passed
Test: Concurrent multi leave/join ...
  ... Passed
Test: Minimal transfers after multijoins ...
  ... Passed
Test: Minimal transfers after multileaves ...
  ... Passed
Test: Check Same config on servers ...
  ... Passed
PASS
ok  	6.824/shardctrler	4.126s
Test: Basic leave/join ...
  ... Passed
Test: Historical queries ...
  ... Passed
Test: Move ...
  ... Passed
Test: Concurrent leave/join ...
  ... Passed
Test: Minimal transfers after joins ...
  ... Passed
Test: Minimal transfers after leaves ...
  ... Passed
Test: Multi-group join/leave ...
  ... Passed
Test: Concurrent multi leave/join ...
  ... Passed
Test: Minimal transfers after multijoins ...
  ... Passed
Test: Minimal transfers after multileaves ...
  ... Passed
Test: Check Same config on servers ...
  ... Passed
PASS
ok  	6.824/shardctrler	4.980s
Test: Basic leave/join ...
  ... Passed
Test: Historical queries ...
  ... Passed
Test: Move ...
  ... Passed
Test: Concurrent leave/join ...
  ... Passed
Test: Minimal transfers after joins ...
  ... Passed
Test: Minimal transfers after leaves ...
  ... Passed
Test: Multi-group join/leave ...
  ... Passed
Test: Concurrent multi leave/join ...
  ... Passed
Test: Minimal transfers after multijoins ...
  ... Passed
Test: Minimal transfers after multileaves ...
  ... Passed
Test: Check Same config on servers ...
  ... Passed
PASS
ok  	6.824/shardctrler	4.679s
Test: Basic leave/join ...
  ... Passed
Test: Historical queries ...
  ... Passed
Test: Move ...
  ... Passed
Test: Concurrent leave/join ...
  ... Passed
Test: Minimal transfers after joins ...
  ... Passed
Test: Minimal transfers after leaves ...
  ... Passed
Test: Multi-group join/leave ...
  ... Passed
Test: Concurrent multi leave/join ...
  ... Passed
Test: Minimal transfers after multijoins ...
  ... Passed
Test: Minimal transfers after multileaves ...
  ... Passed
Test: Check Same config on servers ...
  ... Passed
PASS
ok  	6.824/shardctrler	4.176s
Test: Basic leave/join ...
  ... Passed
Test: Historical queries ...
  ... Passed
Test: Move ...
  ... Passed
Test: Concurrent leave/join ...
  ... Passed
Test: Minimal transfers after joins ...
  ... Passed
Test: Minimal transfers after leaves ...
  ... Passed
Test: Multi-group join/leave ...
  ... Passed
Test: Concurrent multi leave/join ...
  ... Passed
Test: Minimal transfers after multijoins ...
  ... Passed
Test: Minimal transfers after multileaves ...
  ... Passed
Test: Check Same config on servers ...
  ... Passed
PASS
ok  	6.824/shardctrler	3.801s
Test: Basic leave/join ...
  ... Passed
Test: Historical queries ...
  ... Passed
Test: Move ...
  ... Passed
Test: Concurrent leave/join ...
  ... Passed
Test: Minimal transfers after joins ...
  ... Passed
Test: Minimal transfers after leaves ...
  ... Passed
Test: Multi-group join/leave ...
  ... Passed
Test: Concurrent multi leave/join ...
  ... Passed
Test: Minimal transfers after multijoins ...
  ... Passed
Test: Minimal transfers after multileaves ...
  ... Passed
Test: Check Same config on servers ...
  ... Passed
PASS
ok  	6.824/shardctrler	4.001s
Test: Basic leave/join ...
  ... Passed
Test: Historical queries ...
  ... Passed
Test: Move ...
  ... Passed
Test: Concurrent leave/join ...
  ... Passed
Test: Minimal transfers after joins ...
  ... Passed
Test: Minimal transfers after leaves ...
  ... Passed
Test: Multi-group join/leave ...
  ... Passed
Test: Concurrent multi leave/join ...
  ... Passed
Test: Minimal transfers after multijoins ...
  ... Passed
Test: Minimal transfers after multileaves ...
  ... Passed
Test: Check Same config on servers ...
  ... Passed
PASS
ok  	6.824/shardctrler	4.354s
Test: Basic leave/join ...
  ... Passed
Test: Historical queries ...
  ... Passed
Test: Move ...
  ... Passed
Test: Concurrent leave/join ...
  ... Passed
Test: Minimal transfers after joins ...
  ... Passed
Test: Minimal transfers after leaves ...
  ... Passed
Test: Multi-group join/leave ...
  ... Passed
Test: Concurrent multi leave/join ...
  ... Passed
Test: Minimal transfers after multijoins ...
  ... Passed
Test: Minimal transfers after multileaves ...
  ... Passed
Test: Check Same config on servers ...
  ... Passed
PASS
ok  	6.824/shardctrler	4.052s
Test: Basic leave/join ...
  ... Passed
Test: Historical queries ...
  ... Passed
Test: Move ...
  ... Passed
Test: Concurrent leave/join ...
  ... Passed
Test: Minimal transfers after joins ...
  ... Passed
Test: Minimal transfers after leaves ...
  ... Passed
Test: Multi-group join/leave ...
  ... Passed
Test: Concurrent multi leave/join ...
  ... Passed
Test: Minimal transfers after multijoins ...
  ... Passed
Test: Minimal transfers after multileaves ...
  ... Passed
Test: Check Same config on servers ...
  ... Passed
PASS
ok  	6.824/shardctrler	4.228s
Test: Basic leave/join ...
  ... Passed
Test: Historical queries ...
  ... Passed
Test: Move ...
  ... Passed
Test: Concurrent leave/join ...
  ... Passed
Test: Minimal transfers after joins ...
  ... Passed
Test: Minimal transfers after leaves ...
  ... Passed
Test: Multi-group join/leave ...
  ... Passed
Test: Concurrent multi leave/join ...
  ... Passed
Test: Minimal transfers after multijoins ...
  ... Passed
Test: Minimal transfers after multileaves ...
  ... Passed
Test: Check Same config on servers ...
  ... Passed
PASS
ok  	6.824/shardctrler	3.923s
Test: Basic leave/join ...
  ... Passed
Test: Historical queries ...
  ... Passed
Test: Move ...
  ... Passed
Test: Concurrent leave/join ...
  ... Passed
Test: Minimal transfers after joins ...
  ... Passed
Test: Minimal transfers after leaves ...
  ... Passed
Test: Multi-group join/leave ...
  ... Passed
Test: Concurrent multi leave/join ...
  ... Passed
Test: Minimal transfers after multijoins ...
  ... Passed
Test: Minimal transfers after multileaves ...
  ... Passed
Test: Check Same config on servers ...
  ... Passed
PASS
ok  	6.824/shardctrler	4.325s
Test: Basic leave/join ...
  ... Passed
Test: Historical queries ...
  ... Passed
Test: Move ...
  ... Passed
Test: Concurrent leave/join ...
  ... Passed
Test: Minimal transfers after joins ...
  ... Passed
Test: Minimal transfers after leaves ...
  ... Passed
Test: Multi-group join/leave ...
  ... Passed
Test: Concurrent multi leave/join ...
  ... Passed
Test: Minimal transfers after multijoins ...
  ... Passed
Test: Minimal transfers after multileaves ...
  ... Passed
Test: Check Same config on servers ...
  ... Passed
PASS
ok  	6.824/shardctrler	3.902s
Test: Basic leave/join ...
  ... Passed
Test: Historical queries ...
  ... Passed
Test: Move ...
  ... Passed
Test: Concurrent leave/join ...
  ... Passed
Test: Minimal transfers after joins ...
  ... Passed
Test: Minimal transfers after leaves ...
  ... Passed
Test: Multi-group join/leave ...
  ... Passed
Test: Concurrent multi leave/join ...
  ... Passed
Test: Minimal transfers after multijoins ...
  ... Passed
Test: Minimal transfers after multileaves ...
  ... Passed
Test: Check Same config on servers ...
  ... Passed
PASS
ok  	6.824/shardctrler	3.949s
Test: Basic leave/join ...
  ... Passed
Test: Historical queries ...
  ... Passed
Test: Move ...
  ... Passed
Test: Concurrent leave/join ...
  ... Passed
Test: Minimal transfers after joins ...
  ... Passed
Test: Minimal transfers after leaves ...
  ... Passed
Test: Multi-group join/leave ...
  ... Passed
Test: Concurrent multi leave/join ...
  ... Passed
Test: Minimal transfers after multijoins ...
  ... Passed
Test: Minimal transfers after multileaves ...
  ... Passed
Test: Check Same config on servers ...
  ... Passed
PASS
ok  	6.824/shardctrler	4.401s
Test: Basic leave/join ...
  ... Passed
Test: Historical queries ...
  ... Passed
Test: Move ...
  ... Passed
Test: Concurrent leave/join ...
  ... Passed
Test: Minimal transfers after joins ...
  ... Passed
Test: Minimal transfers after leaves ...
  ... Passed
Test: Multi-group join/leave ...
  ... Passed
Test: Concurrent multi leave/join ...
  ... Passed
Test: Minimal transfers after multijoins ...
  ... Passed
Test: Minimal transfers after multileaves ...
  ... Passed
Test: Check Same config on servers ...
  ... Passed
PASS
ok  	6.824/shardctrler	4.628s
Test: Basic leave/join ...
  ... Passed
Test: Historical queries ...
  ... Passed
Test: Move ...
  ... Passed
Test: Concurrent leave/join ...
  ... Passed
Test: Minimal transfers after joins ...
  ... Passed
Test: Minimal transfers after leaves ...
  ... Passed
Test: Multi-group join/leave ...
  ... Passed
Test: Concurrent multi leave/join ...
  ... Passed
Test: Minimal transfers after multijoins ...
  ... Passed
Test: Minimal transfers after multileaves ...
  ... Passed
Test: Check Same config on servers ...
  ... Passed
PASS
ok  	6.824/shardctrler	4.529s
Test: Basic leave/join ...
  ... Passed
Test: Historical queries ...
  ... Passed
Test: Move ...
  ... Passed
Test: Concurrent leave/join ...
  ... Passed
Test: Minimal transfers after joins ...
  ... Passed
Test: Minimal transfers after leaves ...
  ... Passed
Test: Multi-group join/leave ...
  ... Passed
Test: Concurrent multi leave/join ...
  ... Passed
Test: Minimal transfers after multijoins ...
  ... Passed
Test: Minimal transfers after multileaves ...
  ... Passed
Test: Check Same config on servers ...
  ... Passed
PASS
ok  	6.824/shardctrler	4.654s
Test: Basic leave/join ...
  ... Passed
Test: Historical queries ...
  ... Passed
Test: Move ...
  ... Passed
Test: Concurrent leave/join ...
  ... Passed
Test: Minimal transfers after joins ...
  ... Passed
Test: Minimal transfers after leaves ...
  ... Passed
Test: Multi-group join/leave ...
  ... Passed
Test: Concurrent multi leave/join ...
  ... Passed
Test: Minimal transfers after multijoins ...
  ... Passed
Test: Minimal transfers after multileaves ...
  ... Passed
Test: Check Same config on servers ...
  ... Passed
PASS
ok  	6.824/shardctrler	4.227s
Test: Basic leave/join ...
  ... Passed
Test: Historical queries ...
  ... Passed
Test: Move ...
  ... Passed
Test: Concurrent leave/join ...
  ... Passed
Test: Minimal transfers after joins ...
  ... Passed
Test: Minimal transfers after leaves ...
  ... Passed
Test: Multi-group join/leave ...
  ... Passed
Test: Concurrent multi leave/join ...
  ... Passed
Test: Minimal transfers after multijoins ...
  ... Passed
Test: Minimal transfers after multileaves ...
  ... Passed
Test: Check Same config on servers ...
  ... Passed
PASS
ok  	6.824/shardctrler	3.977s
Test: Basic leave/join ...
  ... Passed
Test: Historical queries ...
  ... Passed
Test: Move ...
  ... Passed
Test: Concurrent leave/join ...
  ... Passed
Test: Minimal transfers after joins ...
  ... Passed
Test: Minimal transfers after leaves ...
  ... Passed
Test: Multi-group join/leave ...
  ... Passed
Test: Concurrent multi leave/join ...
  ... Passed
Test: Minimal transfers after multijoins ...
  ... Passed
Test: Minimal transfers after multileaves ...
  ... Passed
Test: Check Same config on servers ...
  ... Passed
PASS
ok  	6.824/shardctrler	4.329s
Test: Basic leave/join ...
  ... Passed
Test: Historical queries ...
  ... Passed
Test: Move ...
  ... Passed
Test: Concurrent leave/join ...
  ... Passed
Test: Minimal transfers after joins ...
  ... Passed
Test: Minimal transfers after leaves ...
  ... Passed
Test: Multi-group join/leave ...
  ... Passed
Test: Concurrent multi leave/join ...
  ... Passed
Test: Minimal transfers after multijoins ...
  ... Passed
Test: Minimal transfers after multileaves ...
  ... Passed
Test: Check Same config on servers ...
  ... Passed
PASS
ok  	6.824/shardctrler	4.304s
Test: Basic leave/join ...
  ... Passed
Test: Historical queries ...
  ... Passed
Test: Move ...
  ... Passed
Test: Concurrent leave/join ...
  ... Passed
Test: Minimal transfers after joins ...
  ... Passed
Test: Minimal transfers after leaves ...
  ... Passed
Test: Multi-group join/leave ...
  ... Passed
Test: Concurrent multi leave/join ...
  ... Passed
Test: Minimal transfers after multijoins ...
  ... Passed
Test: Minimal transfers after multileaves ...
  ... Passed
Test: Check Same config on servers ...
  ... Passed
PASS
ok  	6.824/shardctrler	4.352s
Test: Basic leave/join ...
  ... Passed
Test: Historical queries ...
  ... Passed
Test: Move ...
  ... Passed
Test: Concurrent leave/join ...
  ... Passed
Test: Minimal transfers after joins ...
  ... Passed
Test: Minimal transfers after leaves ...
  ... Passed
Test: Multi-group join/leave ...
  ... Passed
Test: Concurrent multi leave/join ...
  ... Passed
Test: Minimal transfers after multijoins ...
  ... Passed
Test: Minimal transfers after multileaves ...
  ... Passed
Test: Check Same config on servers ...
  ... Passed
PASS
ok  	6.824/shardctrler	4.076s
